
> ying-zhong-jiu-game@0.1.0 test:run
> vitest run runtime


 RUN  v4.1.8 /mnt/Storage1_xe6x96xb0xe5x8axa0xe5x8dxb7/nas/lucky/lqxyx

 ❯ src/tests/runtime-shell.test.ts (3 tests | 3 failed) 21ms
     × records BootScene, PreloadScene, and GameScene exactly once with preload readiness before game readiness 6ms
     × exposes deterministic sizing and canvas debug info for desktop and mobile landscape checks 1ms
     × starts with shell-specific debug fields in their inactive state 11ms

⎯⎯⎯⎯⎯⎯⎯ Failed Tests 3 ⎯⎯⎯⎯⎯⎯⎯

 FAIL  src/tests/runtime-shell.test.ts > runtime scene shell > records BootScene, PreloadScene, and GameScene exactly once with preload readiness before game readiness
TypeError: resetSceneDebugState is not a function
 ❯ src/tests/runtime-shell.test.ts:16:5
     14| describe('runtime scene shell', () => {
     15|   it('records BootScene, PreloadScene, and GameScene exactly once with…
     16|     resetSceneDebugState();
       |     ^
     17|
     18|     markSceneStarted('BootScene');

⎯⎯⎯⎯⎯⎯⎯⎯⎯⎯⎯⎯⎯⎯⎯⎯⎯⎯⎯⎯⎯⎯⎯⎯[1/3]⎯

 FAIL  src/tests/runtime-shell.test.ts > runtime scene shell > exposes deterministic sizing and canvas debug info for desktop and mobile landscape checks
TypeError: resetSceneDebugState is not a function
 ❯ src/tests/runtime-shell.test.ts:34:5
     32|
     33|   it('exposes deterministic sizing and canvas debug info for desktop a…
     34|     resetSceneDebugState();
       |     ^
     35|
     36|     const state = setCanvasDebugState({

⎯⎯⎯⎯⎯⎯⎯⎯⎯⎯⎯⎯⎯⎯⎯⎯⎯⎯⎯⎯⎯⎯⎯⎯[2/3]⎯

 FAIL  src/tests/runtime-shell.test.ts > runtime scene shell > starts with shell-specific debug fields in their inactive state
AssertionError: expected { sceneOrder: [], …(5) } to match object { sceneOrder: [], …(7) }
(1 matching property omitted from actual)

- Expected
+ Received

  {
    "booted": false,
-   "canvas": null,
    "currentScene": null,
    "gameReady": false,
-   "menu": {
-     "selectedAction": null,
-     "visible": false,
-   },
    "preloaded": false,
-   "ready": false,
    "sceneOrder": [],
  }

 ❯ src/tests/runtime-shell.test.ts:65:44
     63|
     64|   it('starts with shell-specific debug fields in their inactive state'…
     65|     expect(createInitialSceneDebugState()).toMatchObject({
       |                                            ^
     66|       sceneOrder: [],
     67|       currentScene: null,

⎯⎯⎯⎯⎯⎯⎯⎯⎯⎯⎯⎯⎯⎯⎯⎯⎯⎯⎯⎯⎯⎯⎯⎯[3/3]⎯


 Test Files  1 failed (1)
      Tests  3 failed (3)
   Start at  18:10:52
   Duration  2.13s (transform 48ms, setup 0ms, import 73ms, tests 21ms, environment 1.71s)

