
> ying-zhong-jiu-game@0.1.0 e2e
> playwright test preload


Running 4 tests using 4 workers

  ✓  1 [desktop-chromium] › tests/e2e/preload.spec.ts:10:1 › preloads required first-act assets before entering GameScene (7.2s)
  ✘  2 [mobile-landscape-chromium] › tests/e2e/preload.spec.ts:10:1 › preloads required first-act assets before entering GameScene (7.3s)
  ✘  3 [desktop-chromium] › tests/e2e/preload.spec.ts:39:1 › shows a visible preload failure state when a required asset fails (7.6s)
  ✘  4 [mobile-landscape-chromium] › tests/e2e/preload.spec.ts:39:1 › shows a visible preload failure state when a required asset fails (7.8s)


  1) [desktop-chromium] › tests/e2e/preload.spec.ts:39:1 › shows a visible preload failure state when a required asset fails 

    Error: [2mexpect([22m[31mreceived[39m[2m).[22mtoBe[2m([22m[32mexpected[39m[2m) // Object.is equality[22m

    Expected: [32m"failed"[39m
    Received: [31m"complete"[39m

    Call Log:
    - Timeout 5000ms exceeded while waiting on the predicate

      43 |   await expect
      44 |     .poll(() => page.evaluate(() => window.__YING_ZHONG_JIU_SCENE_STATE__?.preload?.status ?? null))
    > 45 |     .toBe('failed');
         |      ^
      46 |
      47 |   await expect
      48 |     .poll(() => page.evaluate(() => window.__YING_ZHONG_JIU_SCENE_STATE__?.preload?.failedAsset?.key ?? null))
        at /mnt/Storage1_xe6x96xb0xe5x8axa0xe5x8dxb7/nas/lucky/lqxyx/tests/e2e/preload.spec.ts:45:6

    attachment #1: screenshot (image/png) ──────────────────────────────────────────────────────────
    test-results/preload-shows-a-visible-pr-96ea9-when-a-required-asset-fails-desktop-chromium/test-failed-1.png
    ────────────────────────────────────────────────────────────────────────────────────────────────

    attachment #2: video (video/webm) ──────────────────────────────────────────────────────────────
    test-results/preload-shows-a-visible-pr-96ea9-when-a-required-asset-fails-desktop-chromium/video.webm
    ────────────────────────────────────────────────────────────────────────────────────────────────

    Error Context: test-results/preload-shows-a-visible-pr-96ea9-when-a-required-asset-fails-desktop-chromium/error-context.md

  2) [mobile-landscape-chromium] › tests/e2e/preload.spec.ts:10:1 › preloads required first-act assets before entering GameScene 

    Error: [2mexpect([22m[31mreceived[39m[2m).[22mtoBe[2m([22m[32mexpected[39m[2m) // Object.is equality[22m

    Expected: [32m"complete"[39m
    Received: [31m"loading"[39m

    Call Log:
    - Timeout 5000ms exceeded while waiting on the predicate

      14 |   await expect
      15 |     .poll(() => page.evaluate(() => window.__YING_ZHONG_JIU_SCENE_STATE__?.preload?.status ?? null))
    > 16 |     .toBe('complete');
         |      ^
      17 |
      18 |   await expect
      19 |     .poll(() => page.evaluate(() => window.__YING_ZHONG_JIU_SCENE_STATE__?.currentScene ?? null))
        at /mnt/Storage1_xe6x96xb0xe5x8axa0xe5x8dxb7/nas/lucky/lqxyx/tests/e2e/preload.spec.ts:16:6

    attachment #1: screenshot (image/png) ──────────────────────────────────────────────────────────
    test-results/preload-preloads-required--842f1-s-before-entering-GameScene-mobile-landscape-chromium/test-failed-1.png
    ────────────────────────────────────────────────────────────────────────────────────────────────

    attachment #2: video (video/webm) ──────────────────────────────────────────────────────────────
    test-results/preload-preloads-required--842f1-s-before-entering-GameScene-mobile-landscape-chromium/video.webm
    ────────────────────────────────────────────────────────────────────────────────────────────────

    Error Context: test-results/preload-preloads-required--842f1-s-before-entering-GameScene-mobile-landscape-chromium/error-context.md

  3) [mobile-landscape-chromium] › tests/e2e/preload.spec.ts:39:1 › shows a visible preload failure state when a required asset fails 

    Error: [2mexpect([22m[31mreceived[39m[2m).[22mtoBe[2m([22m[32mexpected[39m[2m) // Object.is equality[22m

    Expected: [32m"failed"[39m
    Received: [31m"complete"[39m

    Call Log:
    - Timeout 5000ms exceeded while waiting on the predicate

      43 |   await expect
      44 |     .poll(() => page.evaluate(() => window.__YING_ZHONG_JIU_SCENE_STATE__?.preload?.status ?? null))
    > 45 |     .toBe('failed');
         |      ^
      46 |
      47 |   await expect
      48 |     .poll(() => page.evaluate(() => window.__YING_ZHONG_JIU_SCENE_STATE__?.preload?.failedAsset?.key ?? null))
        at /mnt/Storage1_xe6x96xb0xe5x8axa0xe5x8dxb7/nas/lucky/lqxyx/tests/e2e/preload.spec.ts:45:6

    attachment #1: screenshot (image/png) ──────────────────────────────────────────────────────────
    test-results/preload-shows-a-visible-pr-96ea9-when-a-required-asset-fails-mobile-landscape-chromium/test-failed-1.png
    ────────────────────────────────────────────────────────────────────────────────────────────────

    attachment #2: video (video/webm) ──────────────────────────────────────────────────────────────
    test-results/preload-shows-a-visible-pr-96ea9-when-a-required-asset-fails-mobile-landscape-chromium/video.webm
    ────────────────────────────────────────────────────────────────────────────────────────────────

    Error Context: test-results/preload-shows-a-visible-pr-96ea9-when-a-required-asset-fails-mobile-landscape-chromium/error-context.md

  3 failed
    [desktop-chromium] › tests/e2e/preload.spec.ts:39:1 › shows a visible preload failure state when a required asset fails 
    [mobile-landscape-chromium] › tests/e2e/preload.spec.ts:10:1 › preloads required first-act assets before entering GameScene 
    [mobile-landscape-chromium] › tests/e2e/preload.spec.ts:39:1 › shows a visible preload failure state when a required asset fails 
  1 passed (10.8s)
