
> ying-zhong-jiu-game@0.1.0 test:run
> vitest run runtime preload


 RUN  v4.1.8 /mnt/Storage1_xe6x96xb0xe5x8axa0xe5x8dxb7/nas/lucky/lqxyx

 ❯ src/tests/runtime-shell.test.ts (3 tests | 2 failed) 28ms
     × records BootScene, PreloadScene, and GameScene exactly once with preload readiness before game readiness 14ms
     × starts with shell-specific debug fields in their inactive state 10ms
 ❯ src/tests/preload.test.ts (6 tests | 1 failed) 22ms
     × keeps failure terminal when later loader progress events arrive 9ms

⎯⎯⎯⎯⎯⎯⎯ Failed Tests 3 ⎯⎯⎯⎯⎯⎯⎯

 FAIL  src/tests/preload.test.ts > preload debug state > keeps failure terminal when later loader progress events arrive
AssertionError: expected 'complete' to be 'failed' // Object.is equality

Expected: "failed"
Received: "complete"

 ❯ src/tests/preload.test.ts:76:34
     74|     const afterProgress = markPreloadProgress(failed, 1);
     75|
     76|     expect(afterProgress.status).toBe('failed');
       |                                  ^
     77|     expect(afterProgress.failedAsset).toEqual({ key: 'floor.tile', url…
     78|     expect(afterProgress.canEnterGame).toBe(false);

⎯⎯⎯⎯⎯⎯⎯⎯⎯⎯⎯⎯⎯⎯⎯⎯⎯⎯⎯⎯⎯⎯⎯⎯[1/3]⎯

 FAIL  src/tests/runtime-shell.test.ts > runtime scene shell > records BootScene, PreloadScene, and GameScene exactly once with preload readiness before game readiness
AssertionError: expected undefined to deeply equal { BootScene: 1, PreloadScene: 2, …(1) }

- Expected:
{
  "BootScene": 1,
  "GameScene": 1,
  "PreloadScene": 2,
}

+ Received:
undefined

 ❯ src/tests/runtime-shell.test.ts:26:31
     24|
     25|     expect(state.sceneOrder).toEqual(['BootScene', 'PreloadScene', 'Ga…
     26|     expect(state.sceneCounts).toEqual({ BootScene: 1, PreloadScene: 2,…
       |                               ^
     27|     expect(state.booted).toBe(true);
     28|     expect(state.preloaded).toBe(true);

⎯⎯⎯⎯⎯⎯⎯⎯⎯⎯⎯⎯⎯⎯⎯⎯⎯⎯⎯⎯⎯⎯⎯⎯[2/3]⎯

 FAIL  src/tests/runtime-shell.test.ts > runtime scene shell > starts with shell-specific debug fields in their inactive state
AssertionError: expected { sceneOrder: [], …(9) } to match object { sceneOrder: [], …(8) }
(7 matching properties omitted from actual)

- Expected
+ Received

@@ -7,12 +7,7 @@
      "selectedAction": null,
      "visible": false,
    },
    "preloaded": false,
    "ready": false,
-   "sceneCounts": {
-     "BootScene": 0,
-     "GameScene": 0,
-     "PreloadScene": 0,
-   },
    "sceneOrder": [],
  }

 ❯ src/tests/runtime-shell.test.ts:66:44
     64|
     65|   it('starts with shell-specific debug fields in their inactive state'…
     66|     expect(createInitialSceneDebugState()).toMatchObject({
       |                                            ^
     67|       sceneOrder: [],
     68|       currentScene: null,

⎯⎯⎯⎯⎯⎯⎯⎯⎯⎯⎯⎯⎯⎯⎯⎯⎯⎯⎯⎯⎯⎯⎯⎯[3/3]⎯


 Test Files  2 failed (2)
      Tests  3 failed | 6 passed (9)
   Start at  18:25:46
   Duration  2.36s (transform 144ms, setup 0ms, import 228ms, tests 50ms, environment 3.75s)

