copied 最终素材/地板.png -> public/assets/final/地板.png
copied 最终素材/桌椅.png -> public/assets/final/桌椅.png
copied 最终素材/血迹黑屏.jpg -> public/assets/final/血迹黑屏.jpg
copied 最终素材/电话.png -> public/assets/final/电话.png
copied 最终素材/手机柜-正着.png -> public/assets/final/手机柜-正着.png
copied 最终素材/手机柜-斜着.png -> public/assets/final/手机柜-斜着.png
copied 最终素材/芹菜（字面意思）.png -> public/assets/final/芹菜（字面意思）.png
copied 最终素材/尺子（字面意思）.png -> public/assets/final/尺子（字面意思）.png
copied 最终素材/立绘/但宇轩.png -> public/assets/final/立绘/但宇轩.png
copied 最终素材/立绘/杨云-红边.png -> public/assets/final/立绘/杨云-红边.png
copied 最终素材/立绘/杨云-蓝边.png -> public/assets/final/立绘/杨云-蓝边.png
copied 最终素材/立绘/董继豪.png -> public/assets/final/立绘/董继豪.png
copied 最终素材/立绘/秦浩睿.png -> public/assets/final/立绘/秦浩睿.png
copied 最终素材/角色动作/但宇轩-身体部件.png -> public/assets/final/角色动作/但宇轩-身体部件.png
copied 最终素材/角色动作/但宇轩-头部部件.png -> public/assets/final/角色动作/但宇轩-头部部件.png
copied 最终素材/角色动作/但宇轩-横躺有血.png -> public/assets/final/角色动作/但宇轩-横躺有血.png
copied 最终素材/角色动作/但宇轩-横躺无血.png -> public/assets/final/角色动作/但宇轩-横躺无血.png
copied 最终素材/角色动作/但宇轩-站立向右.png -> public/assets/final/角色动作/但宇轩-站立向右.png
copied 最终素材/角色动作/秦浩瑞-身体部件.png -> public/assets/final/角色动作/秦浩瑞-身体部件.png
copied 最终素材/角色动作/秦浩瑞-头部部件.png -> public/assets/final/角色动作/秦浩瑞-头部部件.png
copied 最终素材/角色动作/秦浩瑞-横躺有血.png -> public/assets/final/角色动作/秦浩瑞-横躺有血.png
copied 最终素材/角色动作/秦浩瑞-横躺无血.png -> public/assets/final/角色动作/秦浩瑞-横躺无血.png
copied 最终素材/角色动作/秦浩瑞-站立向右.png -> public/assets/final/角色动作/秦浩瑞-站立向右.png
copied 最终素材/角色动作/董继豪-右-迈腿.png -> public/assets/final/角色动作/董继豪-右-迈腿.png
copied 最终素材/角色动作/董继豪-右-静止.png -> public/assets/final/角色动作/董继豪-右-静止.png
copied 最终素材/角色动作/董继豪-左-迈腿.png -> public/assets/final/角色动作/董继豪-左-迈腿.png
copied 最终素材/角色动作/董继豪-左-静止.png -> public/assets/final/角色动作/董继豪-左-静止.png
copied 最终素材/角色动作/董继豪-上-右腿.png -> public/assets/final/角色动作/董继豪-上-右腿.png
copied 最终素材/角色动作/董继豪-上-左腿.png -> public/assets/final/角色动作/董继豪-上-左腿.png
copied 最终素材/角色动作/董继豪-上-静止.png -> public/assets/final/角色动作/董继豪-上-静止.png
copied 最终素材/角色动作/董继豪-下-右腿.png -> public/assets/final/角色动作/董继豪-下-右腿.png
copied 最终素材/角色动作/董继豪-下-左腿.png -> public/assets/final/角色动作/董继豪-下-左腿.png
copied 最终素材/角色动作/董继豪-下-静止.png -> public/assets/final/角色动作/董继豪-下-静止.png
copied 最终素材/角色动作/杨云-蓝边-右-迈腿.png -> public/assets/final/角色动作/杨云-蓝边-右-迈腿.png
copied 最终素材/角色动作/杨云-蓝边-右-静止.png -> public/assets/final/角色动作/杨云-蓝边-右-静止.png
copied 最终素材/角色动作/杨云-蓝边-左-迈腿.png -> public/assets/final/角色动作/杨云-蓝边-左-迈腿.png
copied 最终素材/角色动作/杨云-蓝边-左-静止.png -> public/assets/final/角色动作/杨云-蓝边-左-静止.png
copied 最终素材/角色动作/杨云-蓝边-上-左腿.png -> public/assets/final/角色动作/杨云-蓝边-上-左腿.png
copied 最终素材/角色动作/杨云-蓝边-上-右腿.png -> public/assets/final/角色动作/杨云-蓝边-上-右腿.png
copied 最终素材/角色动作/杨云-蓝边-上-静止.png -> public/assets/final/角色动作/杨云-蓝边-上-静止.png
copied 最终素材/角色动作/杨云-蓝边-下-左腿.png -> public/assets/final/角色动作/杨云-蓝边-下-左腿.png
copied 最终素材/角色动作/杨云-蓝边-下-右腿.png -> public/assets/final/角色动作/杨云-蓝边-下-右腿.png
copied 最终素材/角色动作/杨云-蓝边-下-静止.png -> public/assets/final/角色动作/杨云-蓝边-下-静止.png
copied 最终素材/角色动作/杨云-红边-右-迈腿.png -> public/assets/final/角色动作/杨云-红边-右-迈腿.png
copied 最终素材/角色动作/杨云-红边-右-静止.png -> public/assets/final/角色动作/杨云-红边-右-静止.png
copied 最终素材/角色动作/杨云-红边-左-迈腿.png -> public/assets/final/角色动作/杨云-红边-左-迈腿.png
copied 最终素材/角色动作/杨云-红边-左-静止.png -> public/assets/final/角色动作/杨云-红边-左-静止.png
copied 最终素材/角色动作/杨云-红边-上-左腿.png -> public/assets/final/角色动作/杨云-红边-上-左腿.png
copied 最终素材/角色动作/杨云-红边-上-右腿.png -> public/assets/final/角色动作/杨云-红边-上-右腿.png
copied 最终素材/角色动作/杨云-红边-上-静止.png -> public/assets/final/角色动作/杨云-红边-上-静止.png
copied 最终素材/角色动作/杨云-红边-下-左腿.png -> public/assets/final/角色动作/杨云-红边-下-左腿.png
copied 最终素材/角色动作/杨云-红边-下-右腿.png -> public/assets/final/角色动作/杨云-红边-下-右腿.png
copied 最终素材/角色动作/杨云-红边-下-静止.png -> public/assets/final/角色动作/杨云-红边-下-静止.png
