Task 1 infrastructure verification
TDD RED evidence observed before implementation: initial npm run test:run failed because src/game/createGame.ts did not exist.

$ npm install

up to date, audited 175 packages in 3s

52 packages are looking for funding
  run `npm fund` for details

found 0 vulnerabilities

$ npm run typecheck

> ying-zhong-jiu-game@0.1.0 typecheck
> tsc --noEmit


$ npm run test:run

> ying-zhong-jiu-game@0.1.0 test:run
> vitest run


 RUN  v4.1.8 /mnt/Storage1_xe6x96xb0xe5x8axa0xe5x8dxb7/nas/lucky/lqxyx


 Test Files  4 passed (4)
      Tests  15 passed (15)
   Start at  17:18:26
   Duration  3.86s (transform 1.00s, setup 0ms, import 1.52s, tests 51ms, environment 11.46s)


$ npm run build

> ying-zhong-jiu-game@0.1.0 build
> tsc --noEmit && vite build

vite v8.0.16 building client environment for production...
[2Ktransforming...✓ 11 modules transformed.
rendering chunks...
computing gzip size...
dist/index.html                     0.56 kB │ gzip:   0.37 kB
dist/assets/index-DcBPOZYQ.css      0.15 kB │ gzip:   0.14 kB
dist/assets/index-DBorMXE0.js   1,354.45 kB │ gzip: 352.56 kB │ map: 10,241.82 kB

✓ built in 1.82s
[plugin builtin:vite-reporter] 
(!) Some chunks are larger than 500 kB after minification. Consider:
- Using dynamic import() to code-split the application
- Use build.rolldownOptions.output.codeSplitting to improve chunking: https://rolldown.rs/reference/OutputOptions.codeSplitting
- Adjust chunk size limit for this warning via build.chunkSizeWarningLimit.

$ test -f dist/index.html
dist/index.html exists

$ npm run e2e

> ying-zhong-jiu-game@0.1.0 e2e
> playwright test


Running 2 tests using 2 workers

  ✓  2 [desktop-chromium] › tests/e2e/smoke.spec.ts:3:1 › boots through Boot, Preload, and Game scenes (1.5s)
  ✓  1 [mobile-landscape-chromium] › tests/e2e/smoke.spec.ts:3:1 › boots through Boot, Preload, and Game scenes (1.8s)

  2 passed (4.7s)
