Task 2 missing supplement blocker report - 2026-06-06

Current known core missing asset blockers: 0

Available final assets encoded from 最终素材/:
  - 地板.png
  - 桌椅.png
  - 血迹黑屏.jpg
  - 电话.png
  - 手机柜-正着.png
  - 手机柜-斜着.png
  - 芹菜（字面意思）.png
  - 尺子（字面意思）.png
  - 立绘/*
  - 角色动作/*

Approved non-missing implementations encoded:
  - doors.wallWoodBars: programmatic wood-colored horizontal bars embedded in wall positions
  - communication.steelInteractable: programmatic steel-colored interactable
  - officeFurniture.reuseDeskChairs: reuse 桌椅.png
  - headPickups.characterHeadParts: use 但宇轩/秦浩睿 head-part sprites as pickup/ground-object art
  - celeryVariants.generatedFromCeleryAsset: generate black/white/large variants from 芹菜（字面意思）.png
  - rulerFlashDeath.usesRulerAsset: use 尺子（字面意思）.png

Alias note encoded:
  - User-facing display name: 秦浩睿
  - 角色动作 asset filename spelling: 秦浩瑞
  - 立绘 asset filename spelling: 秦浩睿

No newly discovered first-act requirement lacking final assets or approved implementation was found during this final-asset-only inventory.
