{
  "sceneOrder": [
    "BootScene",
    "PreloadScene",
    "GameScene"
  ],
  "currentScene": "GameScene",
  "booted": true,
  "preloaded": true,
  "gameReady": true,
  "ready": true,
  "sceneCounts": {
    "BootScene": 1,
    "PreloadScene": 1,
    "GameScene": 1
  },
  "menu": {
    "visible": true,
    "selectedAction": "new-game"
  },
  "canvas": {
    "parentId": "game-root",
    "canvasWidth": 1280,
    "canvasHeight": 720,
    "displayWidth": 1365,
    "displayHeight": 767.8125,
    "viewportWidth": 1365,
    "viewportHeight": 768
  },
  "sizing": {
    "mode": "FIT",
    "autoCenter": "CENTER_BOTH",
    "gameWidth": 1280,
    "gameHeight": 720,
    "aspectRatio": 1.7777777777777777
  },
  "preload": {
    "status": "complete",
    "total": 53,
    "loaded": 53,
    "progress": 1,
    "queuedAssets": [
      "floor.tile",
      "furniture.classroomDeskChairs",
      "transition.bloodBlackScreen",
      "prop.phone",
      "prop.phoneCabinetFront",
      "prop.phoneCabinetAngled",
      "prop.celery",
      "prop.ruler",
      "portrait.danYuxuan",
      "portrait.yangYunRed",
      "portrait.yangYunBlue",
      "portrait.dongJihao",
      "portrait.qinHaorui",
      "sprite.danYuxuan.bodyPart",
      "sprite.danYuxuan.headPart",
      "sprite.danYuxuan.lyingBloody",
      "sprite.danYuxuan.lyingClean",
      "sprite.danYuxuan.standRight",
      "sprite.qinHaorui.bodyPart",
      "sprite.qinHaorui.headPart",
      "sprite.qinHaorui.lyingBloody",
      "sprite.qinHaorui.lyingClean",
      "sprite.qinHaorui.standRight",
      "sprite.dongJihao.right.step",
      "sprite.dongJihao.right.idle",
      "sprite.dongJihao.left.step",
      "sprite.dongJihao.left.idle",
      "sprite.dongJihao.up.rightLeg",
      "sprite.dongJihao.up.leftLeg",
      "sprite.dongJihao.up.idle",
      "sprite.dongJihao.down.rightLeg",
      "sprite.dongJihao.down.leftLeg",
      "sprite.dongJihao.down.idle",
      "sprite.yangYunBlue.right.step",
      "sprite.yangYunBlue.right.idle",
      "sprite.yangYunBlue.left.step",
      "sprite.yangYunBlue.left.idle",
      "sprite.yangYunBlue.up.leftLeg",
      "sprite.yangYunBlue.up.rightLeg",
      "sprite.yangYunBlue.up.idle",
      "sprite.yangYunBlue.down.leftLeg",
      "sprite.yangYunBlue.down.rightLeg",
      "sprite.yangYunBlue.down.idle",
      "sprite.yangYunRed.right.step",
      "sprite.yangYunRed.right.idle",
      "sprite.yangYunRed.left.step",
      "sprite.yangYunRed.left.idle",
      "sprite.yangYunRed.up.leftLeg",
      "sprite.yangYunRed.up.rightLeg",
      "sprite.yangYunRed.up.idle",
      "sprite.yangYunRed.down.leftLeg",
      "sprite.yangYunRed.down.rightLeg",
      "sprite.yangYunRed.down.idle"
    ],
    "failedAsset": null,
    "errorMessage": null,
    "canEnterGame": true
  }
}